app/build/outputs/mapping/release/seeds.txt
com.minimy.minimy.MainActivity
com.minimy.minimy.MainActivity: MainActivity()
...
androidx.core.view.ViewCompat$Api26Impl: boolean isFocusedByDefault(android.view.View)
androidx.core.view.ViewCompat$Api21Impl: androidx.core.view.WindowInsetsCompat computeSystemWindowInsets(android.view.View,androidx.core.view.WindowInsetsCompat,android.graphics.Rect)
androidx.appcompat.widget.AppCompatTextView: void setSupportCompoundDrawablesTintList(android.content.res.ColorStateList)
androidx.core.content.res.FontResourcesParserCompat$Api21Impl: int getType(android.content.res.TypedArray,int)
androidx.core.widget.NestedScrollView: NestedScrollView(android.content.Context,android.util.AttributeSet)
androidx.appcompat.widget.AppCompatAutoCompleteTextView: void setSupportCompoundDrawablesTintMode(android.graphics.PorterDuff$Mode)
androidx.recyclerview.widget.RecyclerView: void setOnFlingListener(androidx.recyclerview.widget.RecyclerView$OnFlingListener)
androidx.appcompat.widget.Toolbar: void setTitleTextColor(android.content.res.ColorStateList)
androidx.core.view.accessibility.AccessibilityEventCompat$Api19Impl: void setContentChangeTypes(android.view.accessibility.AccessibilityEvent,int)
androidx.appcompat.widget.AppCompatImageButton: android.graphics.PorterDuff$Mode getSupportBackgroundTintMode()
androidx.appcompat.widget.AppCompatTextView: android.view.ActionMode$Callback getCustomSelectionActionModeCallback()
androidx.appcompat.view.menu.MenuPopupHelper$Api17Impl: void getRealSize(android.view.Display,android.graphics.Point)
androidx.core.view.WindowInsetsCompat$Impl: boolean equals(java.lang.Object)
androidx.appcompat.widget.SearchView$SearchAutoComplete: int getSearchViewTextMinWidthDp()
androidx.lifecycle.ReportFragment$LifecycleCallbacks: void onActivityPreDestroyed(android.app.Activity)
androidx.core.widget.NestedScrollView: int getScrollRange()
androidx.appcompat.widget.Toolbar: android.widget.TextView getSubtitleTextView()
androidx.core.view.MenuItemCompat$Api26Impl: android.view.MenuItem setAlphabeticShortcut(android.view.MenuItem,char,int)
androidx.core.view.ViewCompat$Api30Impl: java.lang.CharSequence getStateDescription(android.view.View)
androidx.appcompat.widget.AppCompatTextView: int getLastBaselineToBottomHeight()
androidx.core.view.WindowInsetsCompat$Impl: void setRootViewData(androidx.core.graphics.Insets)
androidx.appcompat.widget.Toolbar: int getContentInsetEndWithActions()
androidx.vectordrawable.graphics.drawable.VectorDrawableCompat$VGroup: float getTranslateY()
androidx.core.view.ViewCompat$Api26Impl: android.view.View keyboardNavigationClusterSearch(android.view.View,android.view.View,int)
androidx.core.view.ViewParentCompat$Api21Impl: void onNestedScrollAccepted(android.view.ViewParent,android.view.View,android.view.View,int)
androidx.appcompat.widget.Toolbar: java.lang.CharSequence getTitle()
androidx.appcompat.widget.AppCompatTextView: void setFirstBaselineToTopHeight(int)
androidx.appcompat.widget.SearchView: SearchView(android.content.Context,android.util.AttributeSet)
kotlin.internal.jdk8.JDK8PlatformImplementations: JDK8PlatformImplementations()
kotlinx.coroutines.android.AndroidDispatcherFactory: AndroidDispatcherFactory()
androidx.appcompat.widget.SearchView$Api29Impl: void setInputMethodMode(androidx.appcompat.widget.SearchView$SearchAutoComplete,int)
androidx.core.view.WindowInsetsCompat$Impl: androidx.core.view.WindowInsetsCompat consumeSystemWindowInsets()
androidx.core.view.ViewParentCompat$Api21Impl: boolean onNestedFling(android.view.ViewParent,android.view.View,float,float,boolean)
androidx.core.view.ViewCompat$Api17Impl: int getLayoutDirection(android.view.View)
androidx.core.view.WindowInsetsCompat$Impl: void setRootWindowInsets(androidx.core.view.WindowInsetsCompat)
androidx.appcompat.view.menu.ListMenuItemView: androidx.appcompat.view.menu.MenuItemImpl getItemData()
androidx.core.view.ViewCompat$Api21Impl: float getZ(android.view.View)
androidx.core.widget.TextViewCompat$Api17Impl: int getLayoutDirection(android.view.View)