app/build/outputs/mapping/release/mapping.txt
# compiler: R8
# compiler_version: 8.2.42
# min_api: 21
# common_typos_disable
# {"id":"com.android.tools.r8.mapping","version":"2.2"}
# pg_map_id: 4fb8097
# pg_map_hash: SHA-256 4fb8097835308f01bc7dad129f835371c94a7799fae8a92b8dce85bf9c58083c
com.minimy.minimy.AppAdapter -> j0.e:
# {"id":"sourceFile","fileName":"AppAdapter.java"}
    java.util.List appList -> c
    com.minimy.minimy.AppAdapter$OnAppActionListener actionListener -> d
      # {"id":"com.android.tools.r8.residualsignature","signature":"Lj0/c;"}
    boolean isHome -> e
    int sizePx -> f
    android.content.pm.PackageManager pm -> g
    1:1:void <init>(java.util.List,boolean,com.minimy.minimy.AppAdapter$OnAppActionListener):0:0 -> <init>
      # {"id":"com.android.tools.r8.residualsignature","signature":"(Ljava/util/ArrayList;ZLj0/c;)V"}
com.minimy.minimy.AppAdapter$$ExternalSyntheticLambda0 -> j0.a:
# {"id":"sourceFile","fileName":"R8$$SyntheticClass"}
# {"id":"com.android.tools.r8.synthesized"}
    com.minimy.minimy.AppAdapter com.minimy.minimy.AppAdapter$$InternalSyntheticLambda$1$6d21b40b669ca4eba84b119453d9c61ae46bfeb45610e6db590736918e3c8bc7$0.f$0 -> a
      # {"id":"com.android.tools.r8.residualsignature","signature":"Lj0/e;"}
      # {"id":"com.android.tools.r8.synthesized"}
    com.minimy.minimy.AppModel com.minimy.minimy.AppAdapter$$InternalSyntheticLambda$1$6d21b40b669ca4eba84b119453d9c61ae46bfeb45610e6db590736918e3c8bc7$0.f$1 -> b
      # {"id":"com.android.tools.r8.residualsignature","signature":"Lj0/f;"}
      # {"id":"com.android.tools.r8.synthesized"}
    1:1:void com.minimy.minimy.AppAdapter$$InternalSyntheticLambda$1$6d21b40b669ca4eba84b119453d9c61ae46bfeb45610e6db590736918e3c8bc7$0.<init>(com.minimy.minimy.AppAdapter,com.minimy.minimy.AppModel):0:0 -> <init>
      # {"id":"com.android.tools.r8.synthesized"}
      # {"id":"com.android.tools.r8.residualsignature","signature":"(Lj0/e;Lj0/f;)V"}
    3:6:void com.minimy.minimy.AppAdapter.lambda$onBindViewHolder$0(com.minimy.minimy.AppModel,android.view.View):0:0 -> onClick
    3:6:void com.minimy.minimy.AppAdapter$$InternalSyntheticLambda$1$6d21b40b669ca4eba84b119453d9c61ae46bfeb45610e6db590736918e3c8bc7$0.onClick(android.view.View):0 -> onClick
      # {"id":"com.android.tools.r8.synthesized"}
com.minimy.minimy.AppAdapter$$ExternalSyntheticLambda1 -> j0.b:
# {"id":"sourceFile","fileName":"R8$$SyntheticClass"}
# {"id":"com.android.tools.r8.synthesized"}
    com.minimy.minimy.AppAdapter com.minimy.minimy.AppAdapter$$InternalSyntheticLambda$1$6d21b40b669ca4eba84b119453d9c61ae46bfeb45610e6db590736918e3c8bc7$1.f$0 -> a
      # {"id":"com.android.tools.r8.residualsignature","signature":"Lj0/e;"}
      # {"id":"com.android.tools.r8.synthesized"}
    com.minimy.minimy.AppModel com.minimy.minimy.AppAdapter$$InternalSyntheticLambda$1$6d21b40b669ca4eba84b119453d9c61ae46bfeb45610e6db590736918e3c8bc7$1.f$1 -> b
      # {"id":"com.android.tools.r8.residualsignature","signature":"Lj0/f;"}
      # {"id":"com.android.tools.r8.synthesized"}
    1:1:void com.minimy.minimy.AppAdapter$$InternalSyntheticLambda$1$6d21b40b669ca4eba84b119453d9c61ae46bfeb45610e6db590736918e3c8bc7$1.<init>(com.minimy.minimy.AppAdapter,com.minimy.minimy.AppModel):0:0 -> <init>
      # {"id":"com.android.tools.r8.synthesized"}
      # {"id":"com.android.tools.r8.residualsignature","signature":"(Lj0/e;Lj0/f;)V"}
    3:6:boolean com.minimy.minimy.AppAdapter.lambda$onBindViewHolder$1(com.minimy.minimy.AppModel,android.view.View):0:0 -> onLongClick
    3:6:boolean com.minimy.minimy.AppAdapter$$InternalSyntheticLambda$1$6d21b40b669ca4eba84b119453d9c61ae46bfeb45610e6db590736918e3c8bc7$1.onLongClick(android.view.View):0 -> onLongClick
      # {"id":"com.android.tools.r8.synthesized"}
com.minimy.minimy.AppAdapter$OnAppActionListener -> j0.c:
# {"id":"sourceFile","fileName":"AppAdapter.java"}
com.minimy.minimy.AppAdapter$ViewHolder -> j0.d:
# {"id":"sourceFile","fileName":"AppAdapter.java"}
    android.widget.TextView tv -> u
com.minimy.minimy.AppModel -> j0.f:
# {"id":"sourceFile","fileName":"AppModel.java"}
    java.lang.String label -> a
    java.lang.String packageName -> b
    android.graphics.drawable.Drawable icon -> c
...
androidx.emoji2.viewsintegration.EmojiEditTextHelper -> c0.b:
# {"id":"sourceFile","fileName":"EmojiEditTextHelper.java"}
    androidx.emoji2.viewsintegration.EmojiEditTextHelper$HelperInternal mHelper -> a
      # {"id":"com.android.tools.r8.residualsignature","signature":"Lc0/a;"}
    1:1:void <init>(android.widget.EditText,boolean):0:0 -> <init>
      # {"id":"com.android.tools.r8.residualsignature","signature":"(Landroidx/appcompat/widget/SearchView$SearchAutoComplete;)V"}
androidx.emoji2.viewsintegration.EmojiEditTextHelper$HelperInternal -> R8$$REMOVED$$CLASS$$107:
# {"id":"sourceFile","fileName":"EmojiEditTextHelper.java"}
androidx.emoji2.viewsintegration.EmojiEditTextHelper$HelperInternal19 -> c0.a:
# {"id":"sourceFile","fileName":"EmojiEditTextHelper.java"}
    android.widget.EditText mEditText -> b
    androidx.emoji2.viewsintegration.EmojiTextWatcher mTextWatcher -> c
      # {"id":"com.android.tools.r8.residualsignature","signature":"Lc0/k;"}
    1:5:void androidx.appcompat.widget.ActionMenuView$ActionMenuPresenterCallback.<init>():0:0 -> <init>
    1:5:void <init>(android.widget.EditText,boolean):0 -> <init>
      # {"id":"com.android.tools.r8.residualsignature","signature":"(Landroidx/appcompat/widget/SearchView$SearchAutoComplete;)V"}
    6:15:void <init>(android.widget.EditText,boolean):0:0 -> <init>
    16:28:android.text.Editable$Factory androidx.emoji2.viewsintegration.EmojiEditableFactory.getInstance():0:0 -> <init>
    16:28:void <init>(android.widget.EditText,boolean):0 -> <init>
    29:46:void androidx.emoji2.viewsintegration.EmojiEditableFactory.<init>():0:0 -> <init>
    29:46:android.text.Editable$Factory androidx.emoji2.viewsintegration.EmojiEditableFactory.getInstance():0 -> <init>
    29:46:void <init>(android.widget.EditText,boolean):0 -> <init>
    47:57:android.text.Editable$Factory androidx.emoji2.viewsintegration.EmojiEditableFactory.getInstance():0:0 -> <init>
    47:57:void <init>(android.widget.EditText,boolean):0 -> <init>
    58:61:void <init>(android.widget.EditText,boolean):0:0 -> <init>
androidx.emoji2.viewsintegration.EmojiEditableFactory -> c0.c:
# {"id":"sourceFile","fileName":"EmojiEditableFactory.java"}
    java.lang.Object INSTANCE_LOCK -> a
    android.text.Editable$Factory sInstance -> b
      # {"id":"com.android.tools.r8.residualsignature","signature":"Lc0/c;"}
    java.lang.Class sWatcherClass -> c
    1:1:void <clinit>():0:0 -> <clinit>
    5:10:androidx.emoji2.text.SpannableBuilder androidx.emoji2.text.SpannableBuilder.create(java.lang.Class,java.lang.CharSequence):0:0 -> newEditable
    5:10:android.text.Editable newEditable(java.lang.CharSequence):0 -> newEditable
    11:15:android.text.Editable newEditable(java.lang.CharSequence):0:0 -> newEditable