app/build/outputs/mapping/release/usage.txt
com.minimy.minimy.AppAdapter:
    public com.minimy.minimy.AppModel getAppAt(int)
com.minimy.minimy.MainActivity:
    private static final java.lang.String FAV_FILE
    private static final java.lang.String HIDDEN_FILE
com.minimy.minimy.R$drawable
com.minimy.minimy.R$id:
    private void <init>()
com.minimy.minimy.R$layout:
    private void <init>()
com.minimy.minimy.R
com.minimy.minimy.AppAdapter$OnAppActionListener:
    public abstract void onLaunch()
    public abstract void onLongPress()
com.minimy.minimy.AppAdapter:
    public final int getItemCount()
    public static void lambda$onBindViewHolder$0()
    public static boolean lambda$onBindViewHolder$1()
    public final void onBindViewHolder()
    public static void onBindViewHolder$2()
    public final androidx.recyclerview.widget.RecyclerView$ViewHolder onCreateViewHolder()
    public static com.minimy.minimy.AppAdapter$ViewHolder onCreateViewHolder()
com.minimy.minimy.MainActivity$$InternalSyntheticLambda$1$79d573233c1d68525d8683c672ac424635d722a53e2b1246491096af125b91d0$0
com.minimy.minimy.MainActivity$$InternalSyntheticLambda$2$8d3ec9c89237cda254886077b3a7adbbc9f6ec13adcf116b77b8b4f0088980a0$0
com.minimy.minimy.MainActivity$$InternalSyntheticLambda$2$8d3ec9c89237cda254886077b3a7adbbc9f6ec13adcf116b77b8b4f0088980a0$1
com.minimy.minimy.MainActivity$$InternalSyntheticLambda$2$8d3ec9c89237cda254886077b3a7adbbc9f6ec13adcf116b77b8b4f0088980a0$2
com.minimy.minimy.MainActivity$$InternalSyntheticLambda$2$8d3ec9c89237cda254886077b3a7adbbc9f6ec13adcf116b77b8b4f0088980a0$3
com.minimy.minimy.MainActivity$2
com.minimy.minimy.MainActivity$3
com.minimy.minimy.MainActivity:
    public static synthetic void lambda$onCreate$0()
    public static void lambda$onLongPress$6()
    public static void lambda$onLongPress$7()
    public static synthetic void lambda$setupDock$1()
    public static synthetic void lambda$setupDock$2()
    public static synthetic void lambda$setupDock$3()
    public static synthetic void lambda$setupDock$4()
    public final void onLaunch()
    public final void onLongPress()
    public static void saveHiddenApps()
    public static void setupDock()
    public static void setupPackageReceiver()
    public static void setupSearch()
    public static void startClock()
com.minimy.minimy.R$id
com.minimy.minimy.R$layout
...
kotlinx.coroutines.DispatchedTaskKt
kotlinx.coroutines.DispatcherExecutor
kotlinx.coroutines.Dispatchers:
    public static final kotlinx.coroutines.CoroutineDispatcher getDefault()
    public static synthetic void getDefault$annotations()
    public static synthetic void getIO$annotations()
    public static synthetic void getMain$annotations()
    public static final kotlinx.coroutines.CoroutineDispatcher getUnconfined()
    public static synthetic void getUnconfined$annotations()
    public final void shutdown()
kotlinx.coroutines.DispatchersKt
kotlinx.coroutines.DisposableFutureHandle
kotlinx.coroutines.DisposableHandle
kotlinx.coroutines.DisposeOnCancel
kotlinx.coroutines.DisposeOnCompletion
kotlinx.coroutines.Empty
kotlinx.coroutines.EventLoop:
    public final void decrementUseCount(boolean)
    public static synthetic void decrementUseCount$default(kotlinx.coroutines.EventLoop,boolean,int,java.lang.Object)
    public final void dispatchUnconfined(kotlinx.coroutines.DispatchedTask)
    public final boolean isActive()
    protected boolean isEmpty()
    public final boolean isUnconfinedLoopActive()
    public final kotlinx.coroutines.CoroutineDispatcher limitedParallelism(int)
    public long processNextEvent()
    public boolean shouldBeProcessedFromContext()
    public void shutdown()
kotlinx.coroutines.EventLoopImplBase$DelayedResumeTask
kotlinx.coroutines.EventLoopImplBase$DelayedRunnableTask
kotlinx.coroutines.EventLoopImplBase$DelayedTask:
    private java.lang.Object _heap
    private int index
    public void <init>(long)
    public synthetic bridge int compareTo(java.lang.Object)
    public int compareTo(kotlinx.coroutines.EventLoopImplBase$DelayedTask)
    public final synchronized void dispose()
    public kotlinx.coroutines.internal.ThreadSafeHeap getHeap()
    public int getIndex()
    public final synchronized int scheduleTask(long,kotlinx.coroutines.EventLoopImplBase$DelayedTaskQueue,kotlinx.coroutines.EventLoopImplBase)
    public void setHeap(kotlinx.coroutines.internal.ThreadSafeHeap)
    public void setIndex(int)
    public java.lang.String toString()
kotlinx.coroutines.EventLoopImplBase$DelayedTaskQueue:
    public long timeNow
    public void <init>(long)
kotlinx.coroutines.EventLoopImplBase:
    public static final synthetic boolean access$isCompleted(kotlinx.coroutines.EventLoopImplBase)
    private final void closeQueue()
    public java.lang.Object delay(long,kotlin.coroutines.Continuation)
    public kotlinx.coroutines.DisposableHandle invokeOnTimeout(long,java.lang.Runnable,kotlin.coroutines.CoroutineContext)
    private final void rescheduleAllDelayed()
    public final void schedule(long,kotlinx.coroutines.EventLoopImplBase$DelayedTask)
    private final int scheduleImpl(long,kotlinx.coroutines.EventLoopImplBase$DelayedTask)
    protected final kotlinx.coroutines.DisposableHandle scheduleInvokeOnTimeout(long,java.lang.Runnable)
    public void scheduleResumeAfterDelay(long,kotlinx.coroutines.CancellableContinuation)
    private final void setCompleted(boolean)
    private final boolean shouldUnpark(kotlinx.coroutines.EventLoopImplBase$DelayedTask)
    public void shutdown()
kotlinx.coroutines.EventLoopImplPlatform:
    protected void reschedule(long,kotlinx.coroutines.EventLoopImplBase$DelayedTask)
kotlinx.coroutines.EventLoopKt
kotlinx.coroutines.EventLoop_commonKt:
    private static final long MAX_DELAY_NS
    private static final long MAX_MS
    private static final long MS_TO_NS
    private static final int SCHEDULE_COMPLETED
    private static final int SCHEDULE_DISPOSED
    private static final int SCHEDULE_OK
    public static final synthetic kotlinx.coroutines.internal.Symbol access$getDISPOSED_TASK$p()
    public static final long delayNanosToMillis(long)
    public static final long delayToNanos(long)
    private static synthetic void getCLOSED_EMPTY$annotations()
    private static synthetic void getDISPOSED_TASK$annotations()
kotlinx.coroutines.ExceptionsKt